⚠ Warning: Next.js inferred your workspace root, but it may not be correct.
 We detected multiple lockfiles and selected the directory of C:\Users\aruna\package-lock.json as the root directory.
 To silence this warning, set `turbopack.root` in your Next.js config, or consider removing one of the lockfiles if it's not needed.
   See https://nextjs.org/docs/app/api-reference/config/next-config-js/turbopack#root-directory for more information.
 Detected additional lockfiles: 
   * C:\Users\aruna\Documents\GitHub\SyncFour\package-lock.json

[browser] Detected `scroll-behavior: smooth` on the `<html>` element. To disable smooth scrolling during route transitions, add `data-scroll-behavior="smooth"` to your <html> element. Learn more: https://nextjs.org/docs/messages/missing-data-scroll-behavior (components/earth-scene.tsx:15:18)
[browser] Detected `scroll-behavior: smooth` on the `<html>` element. To disable smooth scrolling during route transitions, add `data-scroll-behavior="smooth"` to your <html> element. Learn more: https://nextjs.org/docs/messages/missing-data-scroll-behavior (components/earth-scene.tsx:15:18)
[browser] Detected `scroll-behavior: smooth` on the `<html>` element. To disable smooth scrolling during route transitions, add `data-scroll-behavior="smooth"` to your <html> element. Learn more: https://nextjs.org/docs/messages/missing-data-scroll-behavior (components/earth-scene.tsx:15:18)
[browser] Uncaught InvalidStateError: Failed to execute 'start' on 'SpeechRecognition': recognition has already started.
    at toggleListening (components/voice-assistant.tsx:127:30)
    at button (<anonymous>)
    at VoiceAssistant (components/voice-assistant.tsx:171:7)
    at Home (app/page.tsx:130:7)
  125 |       setIsExpanded(true);
  126 |       setTranscript("");
> 127 |       recognitionRef.current.start();
      |                              ^
  128 |     }
  129 |   };
  130 |
[browser] [object SpeechRecognitionErrorEvent] 
    at VoiceAssistant.useEffect (components/voice-assistant.tsx:64:19)
  62 |
  63 |         recognitionRef.current.onerror = (e: any) => {
> 64 |           console.error(e);
     |                   ^
  65 |           setTranscript("Error: " + e.error);
  66 |           setIsListening(false);
  67 |         }; (components/voice-assistant.tsx:64:19)
[browser] [object SpeechRecognitionErrorEvent] 
    at VoiceAssistant.useEffect (components/voice-assistant.tsx:64:19)
  62 |
  63 |         recognitionRef.current.onerror = (e: any) => {
> 64 |           console.error(e);
     |                   ^
  65 |           setTranscript("Error: " + e.error);
  66 |           setIsListening(false);
  67 |         }; (components/voice-assistant.tsx:64:19)
[browser] [object SpeechRecognitionErrorEvent] 
    at VoiceAssistant.useEffect (components/voice-assistant.tsx:64:19)
  62 |
  63 |         recognitionRef.current.onerror = (e: any) => {
> 64 |           console.error(e);
     |                   ^
  65 |           setTranscript("Error: " + e.error);
  66 |           setIsListening(false);
  67 |         }; (components/voice-assistant.tsx:64:19)
[browser] [object SpeechRecognitionErrorEvent] 
    at VoiceAssistant.useEffect (components/voice-assistant.tsx:64:19)
  62 |
  63 |         recognitionRef.current.onerror = (e: any) => {
> 64 |           console.error(e);
     |                   ^
  65 |           setTranscript("Error: " + e.error);
  66 |           setIsListening(false);
  67 |         }; (components/voice-assistant.tsx:64:19)
[browser] [object SpeechRecognitionErrorEvent] 
    at VoiceAssistant.useEffect (components/voice-assistant.tsx:64:19)
  62 |
  63 |         recognitionRef.current.onerror = (e: any) => {
> 64 |           console.error(e);
     |                   ^
  65 |           setTranscript("Error: " + e.error);
  66 |           setIsListening(false);
  67 |         }; (components/voice-assistant.tsx:64:19)
[browser] [object SpeechRecognitionErrorEvent] 
    at VoiceAssistant.useEffect (components/voice-assistant.tsx:64:19)
  62 |
  63 |         recognitionRef.current.onerror = (e: any) => {
> 64 |           console.error(e);
     |                   ^
  65 |           setTranscript("Error: " + e.error);
  66 |           setIsListening(false);
  67 |         }; (components/voice-assistant.tsx:64:19)
[browser] [object SpeechRecognitionErrorEvent] 
    at VoiceAssistant.useEffect (components/voice-assistant.tsx:64:19)
  62 |
  63 |         recognitionRef.current.onerror = (e: any) => {
> 64 |           console.error(e);
     |                   ^
  65 |           setTranscript("Error: " + e.error);
  66 |           setIsListening(false);
  67 |         }; (components/voice-assistant.tsx:64:19)
[browser] [object SpeechRecognitionErrorEvent] 
    at VoiceAssistant.useEffect (components/voice-assistant.tsx:64:19)
  62 |
  63 |         recognitionRef.current.onerror = (e: any) => {
> 64 |           console.error(e);
     |                   ^
  65 |           setTranscript("Error: " + e.error);
  66 |           setIsListening(false);
  67 |         }; (components/voice-assistant.tsx:64:19)
[browser] Detected `scroll-behavior: smooth` on the `<html>` element. To disable smooth scrolling during route transitions, add `data-scroll-behavior="smooth"` to your <html> element. Learn more: https://nextjs.org/docs/messages/missing-data-scroll-behavior (components/earth-scene.tsx:15:18)
⨯ ./Documents/GitHub/SyncFour/app/dashboard/page.tsx:8:1
Module not found: Can't resolve '@/lib/api'
  [90m 6 |[0m
  [90m 7 |[0m [36mimport[0m [33mCustomCursor[0m [36mfrom[0m [32m"@/components/custom-cursor"[0m
[31m[1m>[0m [90m 8 |[0m [36mimport[0m { getDashboardSummary, getLocationInsight } [36mfrom[0m [32m"@/lib/api"[0m
  [90m   |[0m [31m[1m^^^^^^^^^^^^^^^^^^^^^^^^^^^^^^^^^^^^^^^^^^^^^^^^^^^^^^^^^^^^^^^^^^^[0m
  [90m 9 |[0m
  [90m10 |[0m [36mtype[0m [33mDashboardSummary[0m = [33mAwaited[0m<[33mReturnType[0m<[36mtypeof[0m getDashboardSummary>>
  [90m11 |[0m [36mtype[0m [33mLocationInsight[0m = [33mAwaited[0m<[33mReturnType[0m<[36mtypeof[0m getLocationInsight>>

Import map: aliased to relative './lib/api' inside of [project]/Documents/GitHub/SyncFour


Import traces:
  Client Component Browser:
    ./Documents/GitHub/SyncFour/app/dashboard/page.tsx [Client Component Browser]
    ./Documents/GitHub/SyncFour/app/dashboard/page.tsx [Server Component]

  Client Component SSR:
    ./Documents/GitHub/SyncFour/app/dashboard/page.tsx [Client Component SSR]
    ./Documents/GitHub/SyncFour/app/dashboard/page.tsx [Server Component]

https://nextjs.org/docs/messages/module-not-found


⨯ ./Documents/GitHub/SyncFour/app/dashboard/page.tsx:8:1
Module not found: Can't resolve '@/lib/api'
  [90m 6 |[0m
  [90m 7 |[0m [36mimport[0m [33mCustomCursor[0m [36mfrom[0m [32m"@/components/custom-cursor"[0m
[31m[1m>[0m [90m 8 |[0m [36mimport[0m { getDashboardSummary, getLocationInsight } [36mfrom[0m [32m"@/lib/api"[0m
  [90m   |[0m [31m[1m^^^^^^^^^^^^^^^^^^^^^^^^^^^^^^^^^^^^^^^^^^^^^^^^^^^^^^^^^^^^^^^^^^^[0m
  [90m 9 |[0m
  [90m10 |[0m [36mtype[0m [33mDashboardSummary[0m = [33mAwaited[0m<[33mReturnType[0m<[36mtypeof[0m getDashboardSummary>>
  [90m11 |[0m [36mtype[0m [33mLocationInsight[0m = [33mAwaited[0m<[33mReturnType[0m<[36mtypeof[0m getLocationInsight>>

Import map: aliased to relative './lib/api' inside of [project]/Documents/GitHub/SyncFour


Import traces:
  Client Component Browser:
    ./Documents/GitHub/SyncFour/app/dashboard/page.tsx [Client Component Browser]
    ./Documents/GitHub/SyncFour/app/dashboard/page.tsx [Server Component]

  Client Component SSR:
    ./Documents/GitHub/SyncFour/app/dashboard/page.tsx [Client Component SSR]
    ./Documents/GitHub/SyncFour/app/dashboard/page.tsx [Server Component]

https://nextjs.org/docs/messages/module-not-found


⨯ ./Documents/GitHub/SyncFour/app/dashboard/page.tsx:8:1
Module not found: Can't resolve '@/lib/api'
  [90m 6 |[0m
  [90m 7 |[0m [36mimport[0m [33mCustomCursor[0m [36mfrom[0m [32m"@/components/custom-cursor"[0m
[31m[1m>[0m [90m 8 |[0m [36mimport[0m { getDashboardSummary, getLocationInsight } [36mfrom[0m [32m"@/lib/api"[0m
  [90m   |[0m [31m[1m^^^^^^^^^^^^^^^^^^^^^^^^^^^^^^^^^^^^^^^^^^^^^^^^^^^^^^^^^^^^^^^^^^^[0m
  [90m 9 |[0m
  [90m10 |[0m [36mtype[0m [33mDashboardSummary[0m = [33mAwaited[0m<[33mReturnType[0m<[36mtypeof[0m getDashboardSummary>>
  [90m11 |[0m [36mtype[0m [33mLocationInsight[0m = [33mAwaited[0m<[33mReturnType[0m<[36mtypeof[0m getLocationInsight>>

Import map: aliased to relative './lib/api' inside of [project]/Documents/GitHub/SyncFour


Import traces:
  Client Component Browser:
    ./Documents/GitHub/SyncFour/app/dashboard/page.tsx [Client Component Browser]
    ./Documents/GitHub/SyncFour/app/dashboard/page.tsx [Server Component]

  Client Component SSR:
    ./Documents/GitHub/SyncFour/app/dashboard/page.tsx [Client Component SSR]
    ./Documents/GitHub/SyncFour/app/dashboard/page.tsx [Server Component]

https://nextjs.org/docs/messages/module-not-found


⨯ ./Documents/GitHub/SyncFour/app/dashboard/page.tsx:8:1
Module not found: Can't resolve '@/lib/api'
  [90m 6 |[0m
  [90m 7 |[0m [36mimport[0m [33mCustomCursor[0m [36mfrom[0m [32m"@/components/custom-cursor"[0m
[31m[1m>[0m [90m 8 |[0m [36mimport[0m { getDashboardSummary, getLocationInsight } [36mfrom[0m [32m"@/lib/api"[0m
  [90m   |[0m [31m[1m^^^^^^^^^^^^^^^^^^^^^^^^^^^^^^^^^^^^^^^^^^^^^^^^^^^^^^^^^^^^^^^^^^^[0m
  [90m 9 |[0m
  [90m10 |[0m [36mtype[0m [33mDashboardSummary[0m = [33mAwaited[0m<[33mReturnType[0m<[36mtypeof[0m getDashboardSummary>>
  [90m11 |[0m [36mtype[0m [33mLocationInsight[0m = [33mAwaited[0m<[33mReturnType[0m<[36mtypeof[0m getLocationInsight>>

Import map: aliased to relative './lib/api' inside of [project]/Documents/GitHub/SyncFour


Import traces:
  Client Component Browser:
    ./Documents/GitHub/SyncFour/app/dashboard/page.tsx [Client Component Browser]
    ./Documents/GitHub/SyncFour/app/dashboard/page.tsx [Server Component]

  Client Component SSR:
    ./Documents/GitHub/SyncFour/app/dashboard/page.tsx [Client Component SSR]
    ./Documents/GitHub/SyncFour/app/dashboard/page.tsx [Server Component]

https://nextjs.org/docs/messages/module-not-found


⨯ ./Documents/GitHub/SyncFour/app/dashboard/page.tsx:8:1
Module not found: Can't resolve '@/lib/api'
  [90m 6 |[0m
  [90m 7 |[0m [36mimport[0m [33mCustomCursor[0m [36mfrom[0m [32m"@/components/custom-cursor"[0m
[31m[1m>[0m [90m 8 |[0m [36mimport[0m { getDashboardSummary, getLocationInsight } [36mfrom[0m [32m"@/lib/api"[0m
  [90m   |[0m [31m[1m^^^^^^^^^^^^^^^^^^^^^^^^^^^^^^^^^^^^^^^^^^^^^^^^^^^^^^^^^^^^^^^^^^^[0m
  [90m 9 |[0m
  [90m10 |[0m [36mtype[0m [33mDashboardSummary[0m = [33mAwaited[0m<[33mReturnType[0m<[36mtypeof[0m getDashboardSummary>>
  [90m11 |[0m [36mtype[0m [33mLocationInsight[0m = [33mAwaited[0m<[33mReturnType[0m<[36mtypeof[0m getLocationInsight>>

Import map: aliased to relative './lib/api' inside of [project]/Documents/GitHub/SyncFour


Import traces:
  Client Component Browser:
    ./Documents/GitHub/SyncFour/app/dashboard/page.tsx [Client Component Browser]
    ./Documents/GitHub/SyncFour/app/dashboard/page.tsx [Server Component]

  Client Component SSR:
    ./Documents/GitHub/SyncFour/app/dashboard/page.tsx [Client Component SSR]
    ./Documents/GitHub/SyncFour/app/dashboard/page.tsx [Server Component]

https://nextjs.org/docs/messages/module-not-found


⨯ ./Documents/GitHub/SyncFour/app/dashboard/page.tsx:8:1
Module not found: Can't resolve '@/lib/api'
  [90m 6 |[0m
  [90m 7 |[0m [36mimport[0m [33mCustomCursor[0m [36mfrom[0m [32m"@/components/custom-cursor"[0m
[31m[1m>[0m [90m 8 |[0m [36mimport[0m { getDashboardSummary, getLocationInsight } [36mfrom[0m [32m"@/lib/api"[0m
  [90m   |[0m [31m[1m^^^^^^^^^^^^^^^^^^^^^^^^^^^^^^^^^^^^^^^^^^^^^^^^^^^^^^^^^^^^^^^^^^^[0m
  [90m 9 |[0m
  [90m10 |[0m [36mtype[0m [33mDashboardSummary[0m = [33mAwaited[0m<[33mReturnType[0m<[36mtypeof[0m getDashboardSummary>>
  [90m11 |[0m [36mtype[0m [33mLocationInsight[0m = [33mAwaited[0m<[33mReturnType[0m<[36mtypeof[0m getLocationInsight>>

Import map: aliased to relative './lib/api' inside of [project]/Documents/GitHub/SyncFour


Import traces:
  Client Component Browser:
    ./Documents/GitHub/SyncFour/app/dashboard/page.tsx [Client Component Browser]
    ./Documents/GitHub/SyncFour/app/dashboard/page.tsx [Server Component]

  Client Component SSR:
    ./Documents/GitHub/SyncFour/app/dashboard/page.tsx [Client Component SSR]
    ./Documents/GitHub/SyncFour/app/dashboard/page.tsx [Server Component]

https://nextjs.org/docs/messages/module-not-found


⨯ ./Documents/GitHub/SyncFour/app/dashboard/page.tsx:8:1
Module not found: Can't resolve '@/lib/api'
  [90m 6 |[0m
  [90m 7 |[0m [36mimport[0m [33mCustomCursor[0m [36mfrom[0m [32m"@/components/custom-cursor"[0m
[31m[1m>[0m [90m 8 |[0m [36mimport[0m { getDashboardSummary, getLocationInsight } [36mfrom[0m [32m"@/lib/api"[0m
  [90m   |[0m [31m[1m^^^^^^^^^^^^^^^^^^^^^^^^^^^^^^^^^^^^^^^^^^^^^^^^^^^^^^^^^^^^^^^^^^^[0m
  [90m 9 |[0m
  [90m10 |[0m [36mtype[0m [33mDashboardSummary[0m = [33mAwaited[0m<[33mReturnType[0m<[36mtypeof[0m getDashboardSummary>>
  [90m11 |[0m [36mtype[0m [33mLocationInsight[0m = [33mAwaited[0m<[33mReturnType[0m<[36mtypeof[0m getLocationInsight>>

Import map: aliased to relative './lib/api' inside of [project]/Documents/GitHub/SyncFour


Import traces:
  Client Component Browser:
    ./Documents/GitHub/SyncFour/app/dashboard/page.tsx [Client Component Browser]
    ./Documents/GitHub/SyncFour/app/dashboard/page.tsx [Server Component]

  Client Component SSR:
    ./Documents/GitHub/SyncFour/app/dashboard/page.tsx [Client Component SSR]
    ./Documents/GitHub/SyncFour/app/dashboard/page.tsx [Server Component]

https://nextjs.org/docs/messages/module-not-found


⨯ ./Documents/GitHub/SyncFour/app/dashboard/page.tsx:8:1
Module not found: Can't resolve '@/lib/api'
  [90m 6 |[0m
  [90m 7 |[0m [36mimport[0m [33mCustomCursor[0m [36mfrom[0m [32m"@/components/custom-cursor"[0m
[31m[1m>[0m [90m 8 |[0m [36mimport[0m { getDashboardSummary, getLocationInsight } [36mfrom[0m [32m"@/lib/api"[0m
  [90m   |[0m [31m[1m^^^^^^^^^^^^^^^^^^^^^^^^^^^^^^^^^^^^^^^^^^^^^^^^^^^^^^^^^^^^^^^^^^^[0m
  [90m 9 |[0m
  [90m10 |[0m [36mtype[0m [33mDashboardSummary[0m = [33mAwaited[0m<[33mReturnType[0m<[36mtypeof[0m getDashboardSummary>>
  [90m11 |[0m [36mtype[0m [33mLocationInsight[0m = [33mAwaited[0m<[33mReturnType[0m<[36mtypeof[0m getLocationInsight>>

Import map: aliased to relative './lib/api' inside of [project]/Documents/GitHub/SyncFour


Import traces:
  Client Component Browser:
    ./Documents/GitHub/SyncFour/app/dashboard/page.tsx [Client Component Browser]
    ./Documents/GitHub/SyncFour/app/dashboard/page.tsx [Server Component]

  Client Component SSR:
    ./Documents/GitHub/SyncFour/app/dashboard/page.tsx [Client Component SSR]
    ./Documents/GitHub/SyncFour/app/dashboard/page.tsx [Server Component]

https://nextjs.org/docs/messages/module-not-found


⨯ ./Documents/GitHub/SyncFour/app/dashboard/page.tsx:8:1
Module not found: Can't resolve '@/lib/api'
  [90m 6 |[0m
  [90m 7 |[0m [36mimport[0m [33mCustomCursor[0m [36mfrom[0m [32m"@/components/custom-cursor"[0m
[31m[1m>[0m [90m 8 |[0m [36mimport[0m { getDashboardSummary, getLocationInsight } [36mfrom[0m [32m"@/lib/api"[0m
  [90m   |[0m [31m[1m^^^^^^^^^^^^^^^^^^^^^^^^^^^^^^^^^^^^^^^^^^^^^^^^^^^^^^^^^^^^^^^^^^^[0m
  [90m 9 |[0m
  [90m10 |[0m [36mtype[0m [33mDashboardSummary[0m = [33mAwaited[0m<[33mReturnType[0m<[36mtypeof[0m getDashboardSummary>>
  [90m11 |[0m [36mtype[0m [33mLocationInsight[0m = [33mAwaited[0m<[33mReturnType[0m<[36mtypeof[0m getLocationInsight>>

Import map: aliased to relative './lib/api' inside of [project]/Documents/GitHub/SyncFour


Import traces:
  Client Component Browser:
    ./Documents/GitHub/SyncFour/app/dashboard/page.tsx [Client Component Browser]
    ./Documents/GitHub/SyncFour/app/dashboard/page.tsx [Server Component]

  Client Component SSR:
    ./Documents/GitHub/SyncFour/app/dashboard/page.tsx [Client Component SSR]
    ./Documents/GitHub/SyncFour/app/dashboard/page.tsx [Server Component]

https://nextjs.org/docs/messages/module-not-found


⨯ ./Documents/GitHub/SyncFour/app/dashboard/page.tsx:8:1
Module not found: Can't resolve '@/lib/api'
  [90m 6 |[0m
  [90m 7 |[0m [36mimport[0m [33mCustomCursor[0m [36mfrom[0m [32m"@/components/custom-cursor"[0m
[31m[1m>[0m [90m 8 |[0m [36mimport[0m { getDashboardSummary, getLocationInsight } [36mfrom[0m [32m"@/lib/api"[0m
  [90m   |[0m [31m[1m^^^^^^^^^^^^^^^^^^^^^^^^^^^^^^^^^^^^^^^^^^^^^^^^^^^^^^^^^^^^^^^^^^^[0m
  [90m 9 |[0m
  [90m10 |[0m [36mtype[0m [33mDashboardSummary[0m = [33mAwaited[0m<[33mReturnType[0m<[36mtypeof[0m getDashboardSummary>>
  [90m11 |[0m [36mtype[0m [33mLocationInsight[0m = [33mAwaited[0m<[33mReturnType[0m<[36mtypeof[0m getLocationInsight>>

Import map: aliased to relative './lib/api' inside of [project]/Documents/GitHub/SyncFour


Import traces:
  Client Component Browser:
    ./Documents/GitHub/SyncFour/app/dashboard/page.tsx [Client Component Browser]
    ./Documents/GitHub/SyncFour/app/dashboard/page.tsx [Server Component]

  Client Component SSR:
    ./Documents/GitHub/SyncFour/app/dashboard/page.tsx [Client Component SSR]
    ./Documents/GitHub/SyncFour/app/dashboard/page.tsx [Server Component]

https://nextjs.org/docs/messages/module-not-found


⨯ ./Documents/GitHub/SyncFour/app/dashboard/page.tsx:8:1
Module not found: Can't resolve '@/lib/api'
  [90m 6 |[0m
  [90m 7 |[0m [36mimport[0m [33mCustomCursor[0m [36mfrom[0m [32m"@/components/custom-cursor"[0m
[31m[1m>[0m [90m 8 |[0m [36mimport[0m { getDashboardSummary, getLocationInsight } [36mfrom[0m [32m"@/lib/api"[0m
  [90m   |[0m [31m[1m^^^^^^^^^^^^^^^^^^^^^^^^^^^^^^^^^^^^^^^^^^^^^^^^^^^^^^^^^^^^^^^^^^^[0m
  [90m 9 |[0m
  [90m10 |[0m [36mtype[0m [33mDashboardSummary[0m = [33mAwaited[0m<[33mReturnType[0m<[36mtypeof[0m getDashboardSummary>>
  [90m11 |[0m [36mtype[0m [33mLocationInsight[0m = [33mAwaited[0m<[33mReturnType[0m<[36mtypeof[0m getLocationInsight>>

Import map: aliased to relative './lib/api' inside of [project]/Documents/GitHub/SyncFour


Import traces:
  Client Component Browser:
    ./Documents/GitHub/SyncFour/app/dashboard/page.tsx [Client Component Browser]
    ./Documents/GitHub/SyncFour/app/dashboard/page.tsx [Server Component]

  Client Component SSR:
    ./Documents/GitHub/SyncFour/app/dashboard/page.tsx [Client Component SSR]
    ./Documents/GitHub/SyncFour/app/dashboard/page.tsx [Server Component]

https://nextjs.org/docs/messages/module-not-found


⨯ ./Documents/GitHub/SyncFour/app/dashboard/page.tsx:8:1
Module not found: Can't resolve '@/lib/api'
  [90m 6 |[0m
  [90m 7 |[0m [36mimport[0m [33mCustomCursor[0m [36mfrom[0m [32m"@/components/custom-cursor"[0m
[31m[1m>[0m [90m 8 |[0m [36mimport[0m { getDashboardSummary, getLocationInsight } [36mfrom[0m [32m"@/lib/api"[0m
  [90m   |[0m [31m[1m^^^^^^^^^^^^^^^^^^^^^^^^^^^^^^^^^^^^^^^^^^^^^^^^^^^^^^^^^^^^^^^^^^^[0m
  [90m 9 |[0m
  [90m10 |[0m [36mtype[0m [33mDashboardSummary[0m = [33mAwaited[0m<[33mReturnType[0m<[36mtypeof[0m getDashboardSummary>>
  [90m11 |[0m [36mtype[0m [33mLocationInsight[0m = [33mAwaited[0m<[33mReturnType[0m<[36mtypeof[0m getLocationInsight>>

Import map: aliased to relative './lib/api' inside of [project]/Documents/GitHub/SyncFour


Import traces:
  Client Component Browser:
    ./Documents/GitHub/SyncFour/app/dashboard/page.tsx [Client Component Browser]
    ./Documents/GitHub/SyncFour/app/dashboard/page.tsx [Server Component]

  Client Component SSR:
    ./Documents/GitHub/SyncFour/app/dashboard/page.tsx [Client Component SSR]
    ./Documents/GitHub/SyncFour/app/dashboard/page.tsx [Server Component]

https://nextjs.org/docs/messages/module-not-found


⨯ ./Documents/GitHub/SyncFour/app/dashboard/page.tsx:8:1
Module not found: Can't resolve '@/lib/api'
  [90m 6 |[0m
  [90m 7 |[0m [36mimport[0m [33mCustomCursor[0m [36mfrom[0m [32m"@/components/custom-cursor"[0m
[31m[1m>[0m [90m 8 |[0m [36mimport[0m { getDashboardSummary, getLocationInsight } [36mfrom[0m [32m"@/lib/api"[0m
  [90m   |[0m [31m[1m^^^^^^^^^^^^^^^^^^^^^^^^^^^^^^^^^^^^^^^^^^^^^^^^^^^^^^^^^^^^^^^^^^^[0m
  [90m 9 |[0m
  [90m10 |[0m [36mtype[0m [33mDashboardSummary[0m = [33mAwaited[0m<[33mReturnType[0m<[36mtypeof[0m getDashboardSummary>>
  [90m11 |[0m [36mtype[0m [33mLocationInsight[0m = [33mAwaited[0m<[33mReturnType[0m<[36mtypeof[0m getLocationInsight>>

Import map: aliased to relative './lib/api' inside of [project]/Documents/GitHub/SyncFour


Import traces:
  Client Component Browser:
    ./Documents/GitHub/SyncFour/app/dashboard/page.tsx [Client Component Browser]
    ./Documents/GitHub/SyncFour/app/dashboard/page.tsx [Server Component]

  Client Component SSR:
    ./Documents/GitHub/SyncFour/app/dashboard/page.tsx [Client Component SSR]
    ./Documents/GitHub/SyncFour/app/dashboard/page.tsx [Server Component]

https://nextjs.org/docs/messages/module-not-found


⨯ ./Documents/GitHub/SyncFour/app/dashboard/page.tsx:8:1
Module not found: Can't resolve '@/lib/api'
  [90m 6 |[0m
  [90m 7 |[0m [36mimport[0m [33mCustomCursor[0m [36mfrom[0m [32m"@/components/custom-cursor"[0m
[31m[1m>[0m [90m 8 |[0m [36mimport[0m { getDashboardSummary, getLocationInsight } [36mfrom[0m [32m"@/lib/api"[0m
  [90m   |[0m [31m[1m^^^^^^^^^^^^^^^^^^^^^^^^^^^^^^^^^^^^^^^^^^^^^^^^^^^^^^^^^^^^^^^^^^^[0m
  [90m 9 |[0m
  [90m10 |[0m [36mtype[0m [33mDashboardSummary[0m = [33mAwaited[0m<[33mReturnType[0m<[36mtypeof[0m getDashboardSummary>>
  [90m11 |[0m [36mtype[0m [33mLocationInsight[0m = [33mAwaited[0m<[33mReturnType[0m<[36mtypeof[0m getLocationInsight>>

Import map: aliased to relative './lib/api' inside of [project]/Documents/GitHub/SyncFour


Import traces:
  Client Component Browser:
    ./Documents/GitHub/SyncFour/app/dashboard/page.tsx [Client Component Browser]
    ./Documents/GitHub/SyncFour/app/dashboard/page.tsx [Server Component]

  Client Component SSR:
    ./Documents/GitHub/SyncFour/app/dashboard/page.tsx [Client Component SSR]
    ./Documents/GitHub/SyncFour/app/dashboard/page.tsx [Server Component]

https://nextjs.org/docs/messages/module-not-found


⨯ ./Documents/GitHub/SyncFour/app/dashboard/page.tsx:8:1
Module not found: Can't resolve '@/lib/api'
  [90m 6 |[0m
  [90m 7 |[0m [36mimport[0m [33mCustomCursor[0m [36mfrom[0m [32m"@/components/custom-cursor"[0m
[31m[1m>[0m [90m 8 |[0m [36mimport[0m { getDashboardSummary, getLocationInsight } [36mfrom[0m [32m"@/lib/api"[0m
  [90m   |[0m [31m[1m^^^^^^^^^^^^^^^^^^^^^^^^^^^^^^^^^^^^^^^^^^^^^^^^^^^^^^^^^^^^^^^^^^^[0m
  [90m 9 |[0m
  [90m10 |[0m [36mtype[0m [33mDashboardSummary[0m = [33mAwaited[0m<[33mReturnType[0m<[36mtypeof[0m getDashboardSummary>>
  [90m11 |[0m [36mtype[0m [33mLocationInsight[0m = [33mAwaited[0m<[33mReturnType[0m<[36mtypeof[0m getLocationInsight>>

Import map: aliased to relative './lib/api' inside of [project]/Documents/GitHub/SyncFour


Import traces:
  Client Component Browser:
    ./Documents/GitHub/SyncFour/app/dashboard/page.tsx [Client Component Browser]
    ./Documents/GitHub/SyncFour/app/dashboard/page.tsx [Server Component]

  Client Component SSR:
    ./Documents/GitHub/SyncFour/app/dashboard/page.tsx [Client Component SSR]
    ./Documents/GitHub/SyncFour/app/dashboard/page.tsx [Server Component]

https://nextjs.org/docs/messages/module-not-found


⨯ ./Documents/GitHub/SyncFour/app/dashboard/page.tsx:8:1
Module not found: Can't resolve '@/lib/api'
  [90m 6 |[0m
  [90m 7 |[0m [36mimport[0m [33mCustomCursor[0m [36mfrom[0m [32m"@/components/custom-cursor"[0m
[31m[1m>[0m [90m 8 |[0m [36mimport[0m { getDashboardSummary, getLocationInsight } [36mfrom[0m [32m"@/lib/api"[0m
  [90m   |[0m [31m[1m^^^^^^^^^^^^^^^^^^^^^^^^^^^^^^^^^^^^^^^^^^^^^^^^^^^^^^^^^^^^^^^^^^^[0m
  [90m 9 |[0m
  [90m10 |[0m [36mtype[0m [33mDashboardSummary[0m = [33mAwaited[0m<[33mReturnType[0m<[36mtypeof[0m getDashboardSummary>>
  [90m11 |[0m [36mtype[0m [33mLocationInsight[0m = [33mAwaited[0m<[33mReturnType[0m<[36mtypeof[0m getLocationInsight>>

Import map: aliased to relative './lib/api' inside of [project]/Documents/GitHub/SyncFour


Import traces:
  Client Component Browser:
    ./Documents/GitHub/SyncFour/app/dashboard/page.tsx [Client Component Browser]
    ./Documents/GitHub/SyncFour/app/dashboard/page.tsx [Server Component]

  Client Component SSR:
    ./Documents/GitHub/SyncFour/app/dashboard/page.tsx [Client Component SSR]
    ./Documents/GitHub/SyncFour/app/dashboard/page.tsx [Server Component]

https://nextjs.org/docs/messages/module-not-found


⨯ ./Documents/GitHub/SyncFour/app/dashboard/page.tsx:8:1
Module not found: Can't resolve '@/lib/api'
  [90m 6 |[0m
  [90m 7 |[0m [36mimport[0m [33mCustomCursor[0m [36mfrom[0m [32m"@/components/custom-cursor"[0m
[31m[1m>[0m [90m 8 |[0m [36mimport[0m { getDashboardSummary, getLocationInsight } [36mfrom[0m [32m"@/lib/api"[0m
  [90m   |[0m [31m[1m^^^^^^^^^^^^^^^^^^^^^^^^^^^^^^^^^^^^^^^^^^^^^^^^^^^^^^^^^^^^^^^^^^^[0m
  [90m 9 |[0m
  [90m10 |[0m [36mtype[0m [33mDashboardSummary[0m = [33mAwaited[0m<[33mReturnType[0m<[36mtypeof[0m getDashboardSummary>>
  [90m11 |[0m [36mtype[0m [33mLocationInsight[0m = [33mAwaited[0m<[33mReturnType[0m<[36mtypeof[0m getLocationInsight>>

Import map: aliased to relative './lib/api' inside of [project]/Documents/GitHub/SyncFour


Import traces:
  Client Component Browser:
    ./Documents/GitHub/SyncFour/app/dashboard/page.tsx [Client Component Browser]
    ./Documents/GitHub/SyncFour/app/dashboard/page.tsx [Server Component]

  Client Component SSR:
    ./Documents/GitHub/SyncFour/app/dashboard/page.tsx [Client Component SSR]
    ./Documents/GitHub/SyncFour/app/dashboard/page.tsx [Server Component]

https://nextjs.org/docs/messages/module-not-found


⨯ ./Documents/GitHub/SyncFour/app/dashboard/page.tsx:8:1
Module not found: Can't resolve '@/lib/api'
  [90m 6 |[0m
  [90m 7 |[0m [36mimport[0m [33mCustomCursor[0m [36mfrom[0m [32m"@/components/custom-cursor"[0m
[31m[1m>[0m [90m 8 |[0m [36mimport[0m { getDashboardSummary, getLocationInsight } [36mfrom[0m [32m"@/lib/api"[0m
  [90m   |[0m [31m[1m^^^^^^^^^^^^^^^^^^^^^^^^^^^^^^^^^^^^^^^^^^^^^^^^^^^^^^^^^^^^^^^^^^^[0m
  [90m 9 |[0m
  [90m10 |[0m [36mtype[0m [33mDashboardSummary[0m = [33mAwaited[0m<[33mReturnType[0m<[36mtypeof[0m getDashboardSummary>>
  [90m11 |[0m [36mtype[0m [33mLocationInsight[0m = [33mAwaited[0m<[33mReturnType[0m<[36mtypeof[0m getLocationInsight>>

Import map: aliased to relative './lib/api' inside of [project]/Documents/GitHub/SyncFour


Import traces:
  Client Component Browser:
    ./Documents/GitHub/SyncFour/app/dashboard/page.tsx [Client Component Browser]
    ./Documents/GitHub/SyncFour/app/dashboard/page.tsx [Server Component]

  Client Component SSR:
    ./Documents/GitHub/SyncFour/app/dashboard/page.tsx [Client Component SSR]
    ./Documents/GitHub/SyncFour/app/dashboard/page.tsx [Server Component]

https://nextjs.org/docs/messages/module-not-found


[browser] Uncaught Error: ./Documents/GitHub/SyncFour/app/dashboard/page.tsx:8:1
Module not found: Can't resolve '@/lib/api'
   6 |
   7 | import CustomCursor from "@/components/custom-cursor"
>  8 | import { getDashboardSummary, getLocationInsight } from "@/lib/api"
     | ^^^^^^^^^^^^^^^^^^^^^^^^^^^^^^^^^^^^^^^^^^^^^^^^^^^^^^^^^^^^^^^^^^^
   9 |
  10 | type DashboardSummary = Awaited<ReturnType<typeof getDashboardSummary>>
  11 | type LocationInsight = Awaited<ReturnType<typeof getLocationInsight>>

Import map: aliased to relative './lib/api' inside of [project]/Documents/GitHub/SyncFour


Import traces:
  Client Component Browser:
    ./Documents/GitHub/SyncFour/app/dashboard/page.tsx [Client Component Browser]
    ./Documents/GitHub/SyncFour/app/dashboard/page.tsx [Server Component]

  Client Component SSR:
    ./Documents/GitHub/SyncFour/app/dashboard/page.tsx [Client Component SSR]
    ./Documents/GitHub/SyncFour/app/dashboard/page.tsx [Server Component]

https://nextjs.org/docs/messages/module-not-found


    at <unknown> (Error: ./Documents/GitHub/SyncFour/app/dashboard/page.tsx:8:1)
    at <unknown> (https://nextjs.org/docs/messages/module-not-found)
    at <unknown> (Error: (./Documents/GitHub/SyncFour/app/dashboard/page.tsx:8:1)
    at <unknown> (https://nextjs.org/docs/messages/module-not-found)
[browser] Detected `scroll-behavior: smooth` on the `<html>` element. To disable smooth scrolling during route transitions, add `data-scroll-behavior="smooth"` to your <html> element. Learn more: https://nextjs.org/docs/messages/missing-data-scroll-behavior (components/earth-scene.tsx:15:18)
[browser] Detected `scroll-behavior: smooth` on the `<html>` element. To disable smooth scrolling during route transitions, add `data-scroll-behavior="smooth"` to your <html> element. Learn more: https://nextjs.org/docs/messages/missing-data-scroll-behavior (components/earth-scene.tsx:15:18)
[browser] Detected `scroll-behavior: smooth` on the `<html>` element. To disable smooth scrolling during route transitions, add `data-scroll-behavior="smooth"` to your <html> element. Learn more: https://nextjs.org/docs/messages/missing-data-scroll-behavior (components/earth-scene.tsx:15:18)
[browser] Detected `scroll-behavior: smooth` on the `<html>` element. To disable smooth scrolling during route transitions, add `data-scroll-behavior="smooth"` to your <html> element. Learn more: https://nextjs.org/docs/messages/missing-data-scroll-behavior (components/earth-scene.tsx:15:18)
