
> my-project@0.1.0 dev
> next dev

▲ Next.js 16.2.0 (Turbopack)
- Local:         http://localhost:3000
- Network:       http://192.168.131.211:3000
✓ Ready in 540ms
Creating turbopack project {
  dir: 'C:\\Users\\aruna\\Documents\\GitHub\\SyncFour',
  testMode: true
}

○ Compiling / ...
 GET / 200 in 5.1s (next.js: 4.5s, application-code: 597ms)
✓ Compiled in 486ms
 GET / 200 in 705ms (next.js: 124ms, application-code: 582ms)
 GET / 200 in 123ms (next.js: 11ms, application-code: 112ms)
 GET / 200 in 383ms (next.js: 180ms, application-code: 203ms)
 GET / 200 in 405ms (next.js: 13ms, application-code: 392ms)
✓ Compiled in 491ms
 GET / 200 in 336ms (next.js: 93ms, application-code: 243ms)
 GET / 200 in 112ms (next.js: 11ms, application-code: 101ms)
✓ Compiled in 176ms
✓ Compiled in 303ms
 GET / 200 in 717ms (next.js: 281ms, application-code: 436ms)
 GET / 200 in 344ms (next.js: 14ms, application-code: 330ms)
 GET / 200 in 334ms (next.js: 127ms, application-code: 207ms)
 GET / 200 in 342ms (next.js: 73ms, application-code: 269ms)
 GET / 200 in 346ms (next.js: 12ms, application-code: 334ms)
 GET / 200 in 208ms (next.js: 14ms, application-code: 193ms)
 GET / 200 in 131ms (next.js: 17ms, application-code: 114ms)
 GET / 200 in 72ms (next.js: 19ms, application-code: 53ms)
 GET / 200 in 325ms (next.js: 11ms, application-code: 315ms)
 GET /dashboard 200 in 1287ms (next.js: 1118ms, application-code: 169ms)
 GET / 200 in 164ms (next.js: 12ms, application-code: 151ms)
 GET /dashboard 200 in 106ms (next.js: 17ms, application-code: 89ms)
 GET / 200 in 33ms (next.js: 3ms, application-code: 30ms)
✓ Compiled in 133ms
 GET / 200 in 165ms (next.js: 43ms, application-code: 122ms)
 GET / 200 in 27ms (next.js: 3ms, application-code: 24ms)
 GET /dashboard 200 in 489ms (next.js: 109ms, application-code: 380ms)
 GET / 200 in 365ms (next.js: 19ms, application-code: 346ms)
 GET /dashboard 200 in 82ms (next.js: 14ms, application-code: 68ms)
